[2019-10-01 10:27:48] Текст ошибки: Not connect to DB | 
                Файл: /home/sergei/www/first_ishop/vendor/ishop/core/Db.php | Строка: 14
-----------
[2019-10-02 09:58:35] Текст ошибки: Страница не найдена | 
                Файл: /home/sergei/www/first_ishop/vendor/ishop/core/Router.php | Строка: 41
-----------
[2019-10-03 10:05:20] Текст ошибки: Страница не найдена | 
                Файл: /home/sergei/www/first_ishop/vendor/ishop/core/Router.php | Строка: 41
-----------
[2019-10-03 10:14:49] Текст ошибки: Страница не найдена | 
                Файл: /home/sergei/www/first_ishop/vendor/ishop/core/Router.php | Строка: 41
-----------
[2019-10-03 10:14:49] Текст ошибки: Страница не найдена | 
                Файл: /home/sergei/www/first_ishop/vendor/ishop/core/Router.php | Строка: 41
-----------
[2019-10-03 10:16:42] Текст ошибки: Страница не найдена | 
                Файл: /home/sergei/www/first_ishop/vendor/ishop/core/Router.php | Строка: 41
-----------
[2019-10-03 10:16:42] Текст ошибки: Страница не найдена | 
                Файл: /home/sergei/www/first_ishop/vendor/ishop/core/Router.php | Строка: 41
-----------
[2019-10-03 10:16:42] Текст ошибки: Страница не найдена | 
                Файл: /home/sergei/www/first_ishop/vendor/ishop/core/Router.php | Строка: 41
-----------
[2019-10-03 10:16:42] Текст ошибки: Страница не найдена | 
                Файл: /home/sergei/www/first_ishop/vendor/ishop/core/Router.php | Строка: 41
-----------
[2019-10-03 10:16:42] Текст ошибки: Страница не найдена | 
                Файл: /home/sergei/www/first_ishop/vendor/ishop/core/Router.php | Строка: 41
-----------
[2019-10-03 10:16:42] Текст ошибки: Страница не найдена | 
                Файл: /home/sergei/www/first_ishop/vendor/ishop/core/Router.php | Строка: 41
-----------
[2019-10-03 10:16:42] Текст ошибки: Страница не найдена | 
                Файл: /home/sergei/www/first_ishop/vendor/ishop/core/Router.php | Строка: 41
-----------
[2019-10-03 10:16:42] Текст ошибки: Страница не найдена | 
                Файл: /home/sergei/www/first_ishop/vendor/ishop/core/Router.php | Строка: 41
-----------
[2019-10-03 10:16:42] Текст ошибки: Страница не найдена | 
                Файл: /home/sergei/www/first_ishop/vendor/ishop/core/Router.php | Строка: 41
-----------
[2019-10-03 10:16:42] Текст ошибки: Страница не найдена | 
                Файл: /home/sergei/www/first_ishop/vendor/ishop/core/Router.php | Строка: 41
-----------
[2019-10-03 10:16:42] Текст ошибки: Страница не найдена | 
                Файл: /home/sergei/www/first_ishop/vendor/ishop/core/Router.php | Строка: 41
-----------
[2019-10-03 10:16:42] Текст ошибки: Страница не найдена | 
                Файл: /home/sergei/www/first_ishop/vendor/ishop/core/Router.php | Строка: 41
-----------
[2019-10-03 10:16:42] Текст ошибки: Страница не найдена | 
                Файл: /home/sergei/www/first_ishop/vendor/ishop/core/Router.php | Строка: 41
-----------
[2019-10-03 10:16:42] Текст ошибки: Страница не найдена | 
                Файл: /home/sergei/www/first_ishop/vendor/ishop/core/Router.php | Строка: 41
-----------
[2019-10-03 10:16:42] Текст ошибки: Страница не найдена | 
                Файл: /home/sergei/www/first_ishop/vendor/ishop/core/Router.php | Строка: 41
-----------
[2019-10-03 10:16:42] Текст ошибки: Страница не найдена | 
                Файл: /home/sergei/www/first_ishop/vendor/ishop/core/Router.php | Строка: 41
-----------
[2019-10-03 10:16:42] Текст ошибки: Страница не найдена | 
                Файл: /home/sergei/www/first_ishop/vendor/ishop/core/Router.php | Строка: 41
-----------
[2019-10-03 10:16:42] Текст ошибки: Страница не найдена | 
                Файл: /home/sergei/www/first_ishop/vendor/ishop/core/Router.php | Строка: 41
-----------
[2019-10-03 10:16:42] Текст ошибки: Страница не найдена | 
                Файл: /home/sergei/www/first_ishop/vendor/ishop/core/Router.php | Строка: 41
-----------
[2019-10-03 10:16:42] Текст ошибки: Страница не найдена | 
                Файл: /home/sergei/www/first_ishop/vendor/ishop/core/Router.php | Строка: 41
-----------
[2019-10-03 10:16:43] Текст ошибки: Страница не найдена | 
                Файл: /home/sergei/www/first_ishop/vendor/ishop/core/Router.php | Строка: 41
-----------
[2019-10-03 10:16:43] Текст ошибки: Страница не найдена | 
                Файл: /home/sergei/www/first_ishop/vendor/ishop/core/Router.php | Строка: 41
-----------
[2019-10-03 10:16:43] Текст ошибки: Страница не найдена | 
                Файл: /home/sergei/www/first_ishop/vendor/ishop/core/Router.php | Строка: 41
-----------
[2019-10-03 10:16:43] Текст ошибки: Страница не найдена | 
                Файл: /home/sergei/www/first_ishop/vendor/ishop/core/Router.php | Строка: 41
-----------
[2019-10-03 10:16:43] Текст ошибки: Страница не найдена | 
                Файл: /home/sergei/www/first_ishop/vendor/ishop/core/Router.php | Строка: 41
-----------
[2019-10-03 10:16:43] Текст ошибки: Страница не найдена | 
                Файл: /home/sergei/www/first_ishop/vendor/ishop/core/Router.php | Строка: 41
-----------
[2019-10-03 10:16:43] Текст ошибки: Страница не найдена | 
                Файл: /home/sergei/www/first_ishop/vendor/ishop/core/Router.php | Строка: 41
-----------
[2019-10-03 10:16:43] Текст ошибки: Страница не найдена | 
                Файл: /home/sergei/www/first_ishop/vendor/ishop/core/Router.php | Строка: 41
-----------
[2019-10-03 10:16:43] Текст ошибки: Страница не найдена | 
                Файл: /home/sergei/www/first_ishop/vendor/ishop/core/Router.php | Строка: 41
-----------
[2019-10-03 10:16:43] Текст ошибки: Страница не найдена | 
                Файл: /home/sergei/www/first_ishop/vendor/ishop/core/Router.php | Строка: 41
-----------
[2019-10-03 10:16:43] Текст ошибки: Страница не найдена | 
                Файл: /home/sergei/www/first_ishop/vendor/ishop/core/Router.php | Строка: 41
-----------
[2019-10-03 10:16:43] Текст ошибки: Страница не найдена | 
                Файл: /home/sergei/www/first_ishop/vendor/ishop/core/Router.php | Строка: 41
-----------
[2019-10-03 10:16:43] Текст ошибки: Страница не найдена | 
                Файл: /home/sergei/www/first_ishop/vendor/ishop/core/Router.php | Строка: 41
-----------
[2019-10-03 10:16:43] Текст ошибки: Страница не найдена | 
                Файл: /home/sergei/www/first_ishop/vendor/ishop/core/Router.php | Строка: 41
-----------
[2019-10-03 10:16:43] Текст ошибки: Страница не найдена | 
                Файл: /home/sergei/www/first_ishop/vendor/ishop/core/Router.php | Строка: 41
-----------
[2019-10-03 10:16:43] Текст ошибки: Страница не найдена | 
                Файл: /home/sergei/www/first_ishop/vendor/ishop/core/Router.php | Строка: 41
-----------
[2019-10-03 10:16:43] Текст ошибки: Страница не найдена | 
                Файл: /home/sergei/www/first_ishop/vendor/ishop/core/Router.php | Строка: 41
-----------
[2019-10-03 10:16:43] Текст ошибки: Страница не найдена | 
                Файл: /home/sergei/www/first_ishop/vendor/ishop/core/Router.php | Строка: 41
-----------
[2019-10-03 10:16:43] Текст ошибки: Страница не найдена | 
                Файл: /home/sergei/www/first_ishop/vendor/ishop/core/Router.php | Строка: 41
-----------
[2019-10-03 10:16:43] Текст ошибки: Страница не найдена | 
                Файл: /home/sergei/www/first_ishop/vendor/ishop/core/Router.php | Строка: 41
-----------
[2019-10-03 10:16:43] Текст ошибки: Страница не найдена | 
                Файл: /home/sergei/www/first_ishop/vendor/ishop/core/Router.php | Строка: 41
-----------
[2019-10-03 10:16:43] Текст ошибки: Страница не найдена | 
                Файл: /home/sergei/www/first_ishop/vendor/ishop/core/Router.php | Строка: 41
-----------
[2019-10-03 10:16:43] Текст ошибки: Страница не найдена | 
                Файл: /home/sergei/www/first_ishop/vendor/ishop/core/Router.php | Строка: 41
-----------
[2019-10-03 10:17:51] Текст ошибки: Страница не найдена | 
                Файл: /home/sergei/www/first_ishop/vendor/ishop/core/Router.php | Строка: 41
-----------
[2019-10-03 10:17:51] Текст ошибки: Страница не найдена | 
                Файл: /home/sergei/www/first_ishop/vendor/ishop/core/Router.php | Строка: 41
-----------
[2019-10-03 10:17:51] Текст ошибки: Страница не найдена | 
                Файл: /home/sergei/www/first_ishop/vendor/ishop/core/Router.php | Строка: 41
-----------
[2019-10-03 10:17:51] Текст ошибки: Страница не найдена | 
                Файл: /home/sergei/www/first_ishop/vendor/ishop/core/Router.php | Строка: 41
-----------
[2019-10-03 10:17:51] Текст ошибки: Страница не найдена | 
                Файл: /home/sergei/www/first_ishop/vendor/ishop/core/Router.php | Строка: 41
-----------
[2019-10-03 10:17:51] Текст ошибки: Страница не найдена | 
                Файл: /home/sergei/www/first_ishop/vendor/ishop/core/Router.php | Строка: 41
-----------
[2019-10-03 10:17:51] Текст ошибки: Страница не найдена | 
                Файл: /home/sergei/www/first_ishop/vendor/ishop/core/Router.php | Строка: 41
-----------
[2019-10-03 10:17:51] Текст ошибки: Страница не найдена | 
                Файл: /home/sergei/www/first_ishop/vendor/ishop/core/Router.php | Строка: 41
-----------
[2019-10-03 10:17:51] Текст ошибки: Страница не найдена | 
                Файл: /home/sergei/www/first_ishop/vendor/ishop/core/Router.php | Строка: 41
-----------
[2019-10-03 10:17:51] Текст ошибки: Страница не найдена | 
                Файл: /home/sergei/www/first_ishop/vendor/ishop/core/Router.php | Строка: 41
-----------
[2019-10-03 10:17:51] Текст ошибки: Страница не найдена | 
                Файл: /home/sergei/www/first_ishop/vendor/ishop/core/Router.php | Строка: 41
-----------
[2019-10-03 10:17:51] Текст ошибки: Страница не найдена | 
                Файл: /home/sergei/www/first_ishop/vendor/ishop/core/Router.php | Строка: 41
-----------
[2019-10-03 10:17:51] Текст ошибки: Страница не найдена | 
                Файл: /home/sergei/www/first_ishop/vendor/ishop/core/Router.php | Строка: 41
-----------
[2019-10-03 10:17:51] Текст ошибки: Страница не найдена | 
                Файл: /home/sergei/www/first_ishop/vendor/ishop/core/Router.php | Строка: 41
-----------
[2019-10-03 10:17:51] Текст ошибки: Страница не найдена | 
                Файл: /home/sergei/www/first_ishop/vendor/ishop/core/Router.php | Строка: 41
-----------
[2019-10-03 10:17:51] Текст ошибки: Страница не найдена | 
                Файл: /home/sergei/www/first_ishop/vendor/ishop/core/Router.php | Строка: 41
-----------
[2019-10-03 10:17:51] Текст ошибки: Страница не найдена | 
                Файл: /home/sergei/www/first_ishop/vendor/ishop/core/Router.php | Строка: 41
-----------
[2019-10-03 10:17:51] Текст ошибки: Страница не найдена | 
                Файл: /home/sergei/www/first_ishop/vendor/ishop/core/Router.php | Строка: 41
-----------
[2019-10-03 10:17:51] Текст ошибки: Страница не найдена | 
                Файл: /home/sergei/www/first_ishop/vendor/ishop/core/Router.php | Строка: 41
-----------
[2019-10-03 10:17:51] Текст ошибки: Страница не найдена | 
                Файл: /home/sergei/www/first_ishop/vendor/ishop/core/Router.php | Строка: 41
-----------
[2019-10-03 10:17:51] Текст ошибки: Страница не найдена | 
                Файл: /home/sergei/www/first_ishop/vendor/ishop/core/Router.php | Строка: 41
-----------
[2019-10-03 10:17:51] Текст ошибки: Страница не найдена | 
                Файл: /home/sergei/www/first_ishop/vendor/ishop/core/Router.php | Строка: 41
-----------
[2019-10-03 10:17:51] Текст ошибки: Страница не найдена | 
                Файл: /home/sergei/www/first_ishop/vendor/ishop/core/Router.php | Строка: 41
-----------
[2019-10-03 10:17:51] Текст ошибки: Страница не найдена | 
                Файл: /home/sergei/www/first_ishop/vendor/ishop/core/Router.php | Строка: 41
-----------
[2019-10-03 10:17:51] Текст ошибки: Страница не найдена | 
                Файл: /home/sergei/www/first_ishop/vendor/ishop/core/Router.php | Строка: 41
-----------
[2019-10-03 10:17:51] Текст ошибки: Страница не найдена | 
                Файл: /home/sergei/www/first_ishop/vendor/ishop/core/Router.php | Строка: 41
-----------
[2019-10-03 10:17:51] Текст ошибки: Страница не найдена | 
                Файл: /home/sergei/www/first_ishop/vendor/ishop/core/Router.php | Строка: 41
-----------
[2019-10-03 10:17:51] Текст ошибки: Страница не найдена | 
                Файл: /home/sergei/www/first_ishop/vendor/ishop/core/Router.php | Строка: 41
-----------
[2019-10-03 10:17:51] Текст ошибки: Страница не найдена | 
                Файл: /home/sergei/www/first_ishop/vendor/ishop/core/Router.php | Строка: 41
-----------
[2019-10-03 10:17:51] Текст ошибки: Страница не найдена | 
                Файл: /home/sergei/www/first_ishop/vendor/ishop/core/Router.php | Строка: 41
-----------
[2019-10-03 10:17:51] Текст ошибки: Страница не найдена | 
                Файл: /home/sergei/www/first_ishop/vendor/ishop/core/Router.php | Строка: 41
-----------
[2019-10-03 10:17:51] Текст ошибки: Страница не найдена | 
                Файл: /home/sergei/www/first_ishop/vendor/ishop/core/Router.php | Строка: 41
-----------
[2019-10-03 10:17:51] Текст ошибки: Страница не найдена | 
                Файл: /home/sergei/www/first_ishop/vendor/ishop/core/Router.php | Строка: 41
-----------
[2019-10-03 10:17:51] Текст ошибки: Страница не найдена | 
                Файл: /home/sergei/www/first_ishop/vendor/ishop/core/Router.php | Строка: 41
-----------
[2019-10-03 10:17:51] Текст ошибки: Страница не найдена | 
                Файл: /home/sergei/www/first_ishop/vendor/ishop/core/Router.php | Строка: 41
-----------
[2019-10-03 10:17:51] Текст ошибки: Страница не найдена | 
                Файл: /home/sergei/www/first_ishop/vendor/ishop/core/Router.php | Строка: 41
-----------
[2019-10-03 10:17:51] Текст ошибки: Страница не найдена | 
                Файл: /home/sergei/www/first_ishop/vendor/ishop/core/Router.php | Строка: 41
-----------
[2019-10-03 10:17:51] Текст ошибки: Страница не найдена | 
                Файл: /home/sergei/www/first_ishop/vendor/ishop/core/Router.php | Строка: 41
-----------
[2019-10-03 10:17:51] Текст ошибки: Страница не найдена | 
                Файл: /home/sergei/www/first_ishop/vendor/ishop/core/Router.php | Строка: 41
-----------
[2019-10-03 10:17:51] Текст ошибки: Страница не найдена | 
                Файл: /home/sergei/www/first_ishop/vendor/ishop/core/Router.php | Строка: 41
-----------
[2019-10-03 10:28:31] Текст ошибки: Controller app\controllers\WController not found | 
                Файл: /home/sergei/www/first_ishop/vendor/ishop/core/Router.php | Строка: 38
-----------
[2019-10-03 12:57:17] Текст ошибки: Страница не найдена | 
                Файл: /home/sergei/www/first_ishop/vendor/ishop/core/Router.php | Строка: 41
-----------
[2019-10-03 13:00:30] Текст ошибки: Страница не найдена | 
                Файл: /home/sergei/www/first_ishop/vendor/ishop/core/Router.php | Строка: 41
-----------
[2019-10-03 13:01:41] Текст ошибки: Страница не найдена | 
                Файл: /home/sergei/www/first_ishop/vendor/ishop/core/Router.php | Строка: 41
-----------
[2019-10-03 13:01:58] Текст ошибки: Страница не найдена | 
                Файл: /home/sergei/www/first_ishop/vendor/ishop/core/Router.php | Строка: 41
-----------
